[2025-08-09 18:27:43] [INFO] Set default priority to Normal in C:\Users\PNVDW~1.REL\AppData\Local\Temp\t7es3.ini
[2025-08-09 18:27:43] [DEBUG] Updated VariableTextA with: PATH: D:\TEKKEN7\TEKKEN_7_FRR2_420-corrupt\TekkenGame\Binaries\Win64\TekkenGame-Win64-Shipping.exe
[2025-08-09 18:27:45] [DEBUG] Writing Timestamp 2025-08-09 18:27:45 to C:\Users\PNVDW~1.REL\AppData\Local\Temp\t7es3.ini
[2025-08-09 18:27:49] [DEBUG] Opened C:\repos\t7es3-screen-capture-advanced\t7es3.log in Notepad.
[2025-08-09 19:07:12] [INFO] Set default priority to Normal in C:\Users\PNVDW~1.REL\AppData\Local\Temp\t7es3.ini
[2025-08-09 19:07:12] [DEBUG] Updated VariableTextA with: PATH: D:\TEKKEN7\TEKKEN_7_FRR2_420-corrupt\TekkenGame\Binaries\Win64\TekkenGame-Win64-Shipping.exe
[2025-08-09 19:07:14] [DEBUG] Writing Timestamp 2025-08-09 19:07:14 to C:\Users\PNVDW~1.REL\AppData\Local\Temp\t7es3.ini
[2025-08-09 19:07:56] [INFO] Set default priority to Normal in C:\Users\PNVDW~1.REL\AppData\Local\Temp\t7es3.ini
[2025-08-09 19:07:56] [DEBUG] Updated VariableTextA with: PATH: D:\TEKKEN7\TEKKEN_7_FRR2_420-corrupt\TekkenGame\Binaries\Win64\TekkenGame-Win64-Shipping.exe
[2025-08-09 19:07:58] [DEBUG] Writing Timestamp 2025-08-09 19:07:58 to C:\Users\PNVDW~1.REL\AppData\Local\Temp\t7es3.ini
[2025-08-09 19:10:54] [INFO] Set default priority to Normal in C:\Users\PNVDW~1.REL\AppData\Local\Temp\t7es3.ini
[2025-08-09 19:10:54] [DEBUG] Updated VariableTextA with: PATH: D:\TEKKEN7\TEKKEN_7_FRR2_420-corrupt\TekkenGame\Binaries\Win64\TekkenGame-Win64-Shipping.exe
[2025-08-09 19:10:57] [DEBUG] Writing Timestamp 2025-08-09 19:10:57 to C:\Users\PNVDW~1.REL\AppData\Local\Temp\t7es3.ini
[2025-08-09 19:17:38] [INFO] Set default priority to Normal in C:\Users\PNVDW~1.REL\AppData\Local\Temp\t7es3.ini
[2025-08-09 19:17:38] [DEBUG] Updated VariableTextA with: PATH: D:\TEKKEN7\TEKKEN_7_FRR2_420-corrupt\TekkenGame\Binaries\Win64\TekkenGame-Win64-Shipping.exe
[2025-08-09 19:17:40] [DEBUG] Writing Timestamp 2025-08-09 19:17:40 to C:\Users\PNVDW~1.REL\AppData\Local\Temp\t7es3.ini
[2025-08-09 19:19:39] [INFO] Set default priority to Normal in C:\Users\PNVDW~1.REL\AppData\Local\Temp\t7es3.ini
[2025-08-09 19:19:39] [DEBUG] Updated VariableTextA with: PATH: D:\TEKKEN7\TEKKEN_7_FRR2_420-corrupt\TekkenGame\Binaries\Win64\TekkenGame-Win64-Shipping.exe
[2025-08-09 19:19:42] [DEBUG] Writing Timestamp 2025-08-09 19:19:42 to C:\Users\PNVDW~1.REL\AppData\Local\Temp\t7es3.ini
[2025-08-09 19:20:44] [INFO] Set default priority to Normal in C:\Users\PNVDW~1.REL\AppData\Local\Temp\t7es3.ini
[2025-08-09 19:20:44] [DEBUG] Updated VariableTextA with: PATH: D:\TEKKEN7\TEKKEN_7_FRR2_420-corrupt\TekkenGame\Binaries\Win64\TekkenGame-Win64-Shipping.exe
[2025-08-09 19:20:47] [DEBUG] Writing Timestamp 2025-08-09 19:20:47 to C:\Users\PNVDW~1.REL\AppData\Local\Temp\t7es3.ini
[2025-08-09 19:21:38] [INFO] Set default priority to Normal in C:\Users\PNVDW~1.REL\AppData\Local\Temp\t7es3.ini
[2025-08-09 19:21:38] [DEBUG] Updated VariableTextA with: PATH: D:\TEKKEN7\TEKKEN_7_FRR2_420-corrupt\TekkenGame\Binaries\Win64\TekkenGame-Win64-Shipping.exe
[2025-08-09 19:21:40] [DEBUG] Writing Timestamp 2025-08-09 19:21:40 to C:\Users\PNVDW~1.REL\AppData\Local\Temp\t7es3.ini
[2025-08-09 19:22:08] [INFO] Set default priority to Normal in C:\Users\PNVDW~1.REL\AppData\Local\Temp\t7es3.ini
[2025-08-09 19:22:08] [DEBUG] Updated VariableTextA with: PATH: D:\TEKKEN7\TEKKEN_7_FRR2_420-corrupt\TekkenGame\Binaries\Win64\TekkenGame-Win64-Shipping.exe
[2025-08-09 19:22:10] [DEBUG] Writing Timestamp 2025-08-09 19:22:10 to C:\Users\PNVDW~1.REL\AppData\Local\Temp\t7es3.ini
[2025-08-09 19:22:31] [INFO] Set default priority to Normal in C:\Users\PNVDW~1.REL\AppData\Local\Temp\t7es3.ini
[2025-08-09 19:22:31] [DEBUG] Updated VariableTextA with: PATH: D:\TEKKEN7\TEKKEN_7_FRR2_420-corrupt\TekkenGame\Binaries\Win64\TekkenGame-Win64-Shipping.exe
[2025-08-09 19:22:33] [DEBUG] Writing Timestamp 2025-08-09 19:22:33 to C:\Users\PNVDW~1.REL\AppData\Local\Temp\t7es3.ini
[2025-08-09 19:22:53] [INFO] Set default priority to Normal in C:\Users\PNVDW~1.REL\AppData\Local\Temp\t7es3.ini
[2025-08-09 19:22:53] [DEBUG] Updated VariableTextA with: PATH: D:\TEKKEN7\TEKKEN_7_FRR2_420-corrupt\TekkenGame\Binaries\Win64\TekkenGame-Win64-Shipping.exe
[2025-08-09 19:22:55] [DEBUG] Writing Timestamp 2025-08-09 19:22:55 to C:\Users\PNVDW~1.REL\AppData\Local\Temp\t7es3.ini
[2025-08-09 19:23:18] [INFO] Set default priority to Normal in C:\Users\PNVDW~1.REL\AppData\Local\Temp\t7es3.ini
[2025-08-09 19:23:18] [DEBUG] Updated VariableTextA with: PATH: D:\TEKKEN7\TEKKEN_7_FRR2_420-corrupt\TekkenGame\Binaries\Win64\TekkenGame-Win64-Shipping.exe
[2025-08-09 19:23:22] [DEBUG] Writing Timestamp 2025-08-09 19:23:22 to C:\Users\PNVDW~1.REL\AppData\Local\Temp\t7es3.ini
[2025-08-09 19:23:42] [INFO] Set default priority to Normal in C:\Users\PNVDW~1.REL\AppData\Local\Temp\t7es3.ini
[2025-08-09 19:23:42] [DEBUG] Updated VariableTextA with: PATH: D:\TEKKEN7\TEKKEN_7_FRR2_420-corrupt\TekkenGame\Binaries\Win64\TekkenGame-Win64-Shipping.exe
[2025-08-09 19:23:45] [DEBUG] Writing Timestamp 2025-08-09 19:23:45 to C:\Users\PNVDW~1.REL\AppData\Local\Temp\t7es3.ini
[2025-08-09 19:24:16] [INFO] Set default priority to Normal in C:\Users\PNVDW~1.REL\AppData\Local\Temp\t7es3.ini
[2025-08-09 19:24:16] [DEBUG] Updated VariableTextA with: PATH: D:\TEKKEN7\TEKKEN_7_FRR2_420-corrupt\TekkenGame\Binaries\Win64\TekkenGame-Win64-Shipping.exe
[2025-08-09 19:24:18] [DEBUG] Writing Timestamp 2025-08-09 19:24:18 to C:\Users\PNVDW~1.REL\AppData\Local\Temp\t7es3.ini
[2025-08-09 19:24:46] [INFO] Set default priority to Normal in C:\Users\PNVDW~1.REL\AppData\Local\Temp\t7es3.ini
[2025-08-09 19:24:46] [DEBUG] Updated VariableTextA with: PATH: D:\TEKKEN7\TEKKEN_7_FRR2_420-corrupt\TekkenGame\Binaries\Win64\TekkenGame-Win64-Shipping.exe
[2025-08-09 19:24:49] [DEBUG] Writing Timestamp 2025-08-09 19:24:49 to C:\Users\PNVDW~1.REL\AppData\Local\Temp\t7es3.ini
[2025-08-09 19:25:30] [INFO] Set default priority to Normal in C:\Users\PNVDW~1.REL\AppData\Local\Temp\t7es3.ini
[2025-08-09 19:25:30] [DEBUG] Updated VariableTextA with: PATH: D:\TEKKEN7\TEKKEN_7_FRR2_420-corrupt\TekkenGame\Binaries\Win64\TekkenGame-Win64-Shipping.exe
[2025-08-09 19:25:33] [DEBUG] Writing Timestamp 2025-08-09 19:25:33 to C:\Users\PNVDW~1.REL\AppData\Local\Temp\t7es3.ini
[2025-08-09 19:25:48] [INFO] Set default priority to Normal in C:\Users\PNVDW~1.REL\AppData\Local\Temp\t7es3.ini
[2025-08-09 19:25:48] [DEBUG] Updated VariableTextA with: PATH: D:\TEKKEN7\TEKKEN_7_FRR2_420-corrupt\TekkenGame\Binaries\Win64\TekkenGame-Win64-Shipping.exe
[2025-08-09 19:25:50] [DEBUG] Writing Timestamp 2025-08-09 19:25:50 to C:\Users\PNVDW~1.REL\AppData\Local\Temp\t7es3.ini
[2025-08-09 19:26:30] [INFO] Set default priority to Normal in C:\Users\PNVDW~1.REL\AppData\Local\Temp\t7es3.ini
[2025-08-09 19:26:30] [DEBUG] Updated VariableTextA with: PATH: D:\TEKKEN7\TEKKEN_7_FRR2_420-corrupt\TekkenGame\Binaries\Win64\TekkenGame-Win64-Shipping.exe
[2025-08-09 19:26:32] [DEBUG] Writing Timestamp 2025-08-09 19:26:32 to C:\Users\PNVDW~1.REL\AppData\Local\Temp\t7es3.ini
[2025-08-09 19:26:57] [INFO] Set default priority to Normal in C:\Users\PNVDW~1.REL\AppData\Local\Temp\t7es3.ini
[2025-08-09 19:26:57] [DEBUG] Updated VariableTextA with: PATH: D:\TEKKEN7\TEKKEN_7_FRR2_420-corrupt\TekkenGame\Binaries\Win64\TekkenGame-Win64-Shipping.exe
[2025-08-09 19:26:59] [DEBUG] Writing Timestamp 2025-08-09 19:26:59 to C:\Users\PNVDW~1.REL\AppData\Local\Temp\t7es3.ini
[2025-08-09 19:27:17] [INFO] Set default priority to Normal in C:\Users\PNVDW~1.REL\AppData\Local\Temp\t7es3.ini
[2025-08-09 19:27:17] [DEBUG] Updated VariableTextA with: PATH: D:\TEKKEN7\TEKKEN_7_FRR2_420-corrupt\TekkenGame\Binaries\Win64\TekkenGame-Win64-Shipping.exe
[2025-08-09 19:27:19] [DEBUG] Writing Timestamp 2025-08-09 19:27:19 to C:\Users\PNVDW~1.REL\AppData\Local\Temp\t7es3.ini
[2025-08-09 19:27:46] [INFO] Set default priority to Normal in C:\Users\PNVDW~1.REL\AppData\Local\Temp\t7es3.ini
[2025-08-09 19:27:46] [DEBUG] Updated VariableTextA with: PATH: D:\TEKKEN7\TEKKEN_7_FRR2_420-corrupt\TekkenGame\Binaries\Win64\TekkenGame-Win64-Shipping.exe
[2025-08-09 19:27:50] [DEBUG] Writing Timestamp 2025-08-09 19:27:50 to C:\Users\PNVDW~1.REL\AppData\Local\Temp\t7es3.ini
[2025-08-09 19:29:28] [INFO] Set default priority to Normal in C:\Users\PNVDW~1.REL\AppData\Local\Temp\t7es3.ini
[2025-08-09 19:29:28] [DEBUG] Updated VariableTextA with: PATH: D:\TEKKEN7\TEKKEN_7_FRR2_420-corrupt\TekkenGame\Binaries\Win64\TekkenGame-Win64-Shipping.exe
[2025-08-09 19:29:31] [DEBUG] Writing Timestamp 2025-08-09 19:29:31 to C:\Users\PNVDW~1.REL\AppData\Local\Temp\t7es3.ini
[2025-08-09 19:30:31] [INFO] Set default priority to Normal in C:\Users\PNVDW~1.REL\AppData\Local\Temp\t7es3.ini
[2025-08-09 19:30:31] [DEBUG] Updated VariableTextA with: PATH: D:\TEKKEN7\TEKKEN_7_FRR2_420-corrupt\TekkenGame\Binaries\Win64\TekkenGame-Win64-Shipping.exe
[2025-08-09 19:30:33] [DEBUG] Writing Timestamp 2025-08-09 19:30:33 to C:\Users\PNVDW~1.REL\AppData\Local\Temp\t7es3.ini
[2025-08-09 19:30:40] [ERROR] TekkenGame Window Not Found.
[2025-08-09 19:30:46] [ERROR] TekkenGame Window Not Found.
[2025-08-09 19:31:19] [INFO] Set default priority to Normal in C:\Users\PNVDW~1.REL\AppData\Local\Temp\t7es3.ini
[2025-08-09 19:31:19] [DEBUG] Updated VariableTextA with: PATH: D:\TEKKEN7\TEKKEN_7_FRR2_420-corrupt\TekkenGame\Binaries\Win64\TekkenGame-Win64-Shipping.exe
[2025-08-09 19:31:22] [DEBUG] Writing Timestamp 2025-08-09 19:31:22 to C:\Users\PNVDW~1.REL\AppData\Local\Temp\t7es3.ini
[2025-08-09 19:32:02] [INFO] Set default priority to Normal in C:\Users\PNVDW~1.REL\AppData\Local\Temp\t7es3.ini
[2025-08-09 19:32:02] [DEBUG] Updated VariableTextA with: PATH: D:\TEKKEN7\TEKKEN_7_FRR2_420-corrupt\TekkenGame\Binaries\Win64\TekkenGame-Win64-Shipping.exe
[2025-08-09 19:32:05] [DEBUG] Writing Timestamp 2025-08-09 19:32:05 to C:\Users\PNVDW~1.REL\AppData\Local\Temp\t7es3.ini
[2025-08-09 19:32:47] [INFO] Set default priority to Normal in C:\Users\PNVDW~1.REL\AppData\Local\Temp\t7es3.ini
[2025-08-09 19:32:47] [DEBUG] Updated VariableTextA with: PATH: D:\TEKKEN7\TEKKEN_7_FRR2_420-corrupt\TekkenGame\Binaries\Win64\TekkenGame-Win64-Shipping.exe
[2025-08-09 19:32:50] [DEBUG] Writing Timestamp 2025-08-09 19:32:50 to C:\Users\PNVDW~1.REL\AppData\Local\Temp\t7es3.ini
[2025-08-09 19:36:26] [INFO] Set default priority to Normal in C:\Users\PNVDW~1.REL\AppData\Local\Temp\t7es3.ini
[2025-08-09 19:36:26] [DEBUG] Updated VariableTextA with: PATH: D:\TEKKEN7\TEKKEN_7_FRR2_420-corrupt\TekkenGame\Binaries\Win64\TekkenGame-Win64-Shipping.exe
[2025-08-09 19:36:28] [DEBUG] Writing Timestamp 2025-08-09 19:36:28 to C:\Users\PNVDW~1.REL\AppData\Local\Temp\t7es3.ini
[2025-08-09 19:38:00] [INFO] Set default priority to Normal in C:\Users\PNVDW~1.REL\AppData\Local\Temp\t7es3.ini
[2025-08-09 19:38:00] [DEBUG] Updated VariableTextA with: PATH: D:\TEKKEN7\TEKKEN_7_FRR2_420-corrupt\TekkenGame\Binaries\Win64\TekkenGame-Win64-Shipping.exe
[2025-08-09 19:38:02] [DEBUG] Writing Timestamp 2025-08-09 19:38:02 to C:\Users\PNVDW~1.REL\AppData\Local\Temp\t7es3.ini
[2025-08-09 19:53:38] [INFO] Set default priority to Normal in C:\Users\PNVDW~1.REL\AppData\Local\Temp\t7es3.ini
[2025-08-09 19:53:38] [DEBUG] Updated VariableTextA with: PATH: D:\TEKKEN7\TEKKEN_7_FRR2_420-corrupt\TekkenGame\Binaries\Win64\TekkenGame-Win64-Shipping.exe
[2025-08-09 19:53:42] [INFO] Audio devices switched: Output = VB-Audio VoiceMeeter VAIO, Input = VB-Audio VoiceMeeter VAIO
[2025-08-09 19:53:43] [DEBUG] Writing Timestamp 2025-08-09 19:53:43 to C:\Users\PNVDW~1.REL\AppData\Local\Temp\t7es3.ini
[2025-08-09 20:16:56] [INFO] Set default priority to Normal in C:\Users\PNVDW~1.REL\AppData\Local\Temp\t7es3.ini
[2025-08-09 20:16:56] [DEBUG] Updated VariableTextA with: PATH: D:\TEKKEN7\TEKKEN_7_FRR2_420-corrupt\TekkenGame\Binaries\Win64\TekkenGame-Win64-Shipping.exe
[2025-08-09 20:16:59] [DEBUG] Writing Timestamp 2025-08-09 20:16:59 to C:\Users\PNVDW~1.REL\AppData\Local\Temp\t7es3.ini
[2025-08-09 20:17:00] [INFO] Pressed escape key but no T7ES3 processes found.
[2025-08-09 20:30:56] [INFO] Set default priority to Normal in C:\Users\PNVDW~1.REL\AppData\Local\Temp\t7es3.ini
[2025-08-09 20:30:56] [DEBUG] Updated VariableTextA with: PATH: D:\TEKKEN7\TEKKEN_7_FRR2_420-corrupt\TekkenGame\Binaries\Win64\TekkenGame-Win64-Shipping.exe
[2025-08-09 20:30:58] [DEBUG] Writing Timestamp 2025-08-09 20:30:58 to C:\Users\PNVDW~1.REL\AppData\Local\Temp\t7es3.ini
[2025-08-09 20:31:03] [INFO] Audio devices reverted to default.
[2025-08-09 20:31:07] [INFO] Pressed escape key but no T7ES3 processes found.
[2025-08-09 20:31:15] [INFO] Audio devices switched: Output = VB-Audio VoiceMeeter VAIO, Input = VB-Audio VoiceMeeter VAIO
[2025-08-09 20:31:23] [INFO] Pressed escape key but no T7ES3 processes found.
[2025-08-09 20:45:02] [INFO] Set default priority to Normal in C:\Users\PNVDW~1.REL\AppData\Local\Temp\t7es3.ini
[2025-08-09 20:45:02] [DEBUG] Updated VariableTextA with: PATH: D:\TEKKEN7\TEKKEN_7_FRR2_420-corrupt\TekkenGame\Binaries\Win64\TekkenGame-Win64-Shipping.exe
[2025-08-09 20:45:06] [DEBUG] Writing Timestamp 2025-08-09 20:45:06 to C:\Users\PNVDW~1.REL\AppData\Local\Temp\t7es3.ini
[2025-08-09 20:45:08] [INFO] Pressed escape key but no T7ES3 processes found.
[2025-08-09 20:45:27] [INFO] Audio devices reverted to default.
[2025-08-09 20:47:46] [INFO] Set default priority to Normal in C:\Users\PNVDW~1.REL\AppData\Local\Temp\t7es3.ini
[2025-08-09 20:47:46] [DEBUG] Updated VariableTextA with: PATH: D:\TEKKEN7\TEKKEN_7_FRR2_420-corrupt\TekkenGame\Binaries\Win64\TekkenGame-Win64-Shipping.exe
[2025-08-09 20:47:49] [DEBUG] Writing Timestamp 2025-08-09 20:47:49 to C:\Users\PNVDW~1.REL\AppData\Local\Temp\t7es3.ini
[2025-08-09 20:48:01] [INFO] Audio devices switched: Output = VoiceMeeter Input (VB-Audio VoiceMeeter VAIO), Input = Voicemeeter Out B3 (VB-Audio VoiceMeeter VAIO)
[2025-08-09 20:48:24] [INFO] Audio devices switched: Output = VoiceMeeter Input (VB-Audio VoiceMeeter VAIO), Input = Voicemeeter Out B3 (VB-Audio VoiceMeeter VAIO)
[2025-08-09 20:49:56] [INFO] Set default priority to Normal in C:\Users\PNVDW~1.REL\AppData\Local\Temp\t7es3.ini
[2025-08-09 20:49:56] [DEBUG] Updated VariableTextA with: PATH: D:\TEKKEN7\TEKKEN_7_FRR2_420-corrupt\TekkenGame\Binaries\Win64\TekkenGame-Win64-Shipping.exe
[2025-08-09 20:49:58] [INFO] Audio devices switched: Output = , Input = 
[2025-08-09 20:49:59] [DEBUG] Writing Timestamp 2025-08-09 20:49:59 to C:\Users\PNVDW~1.REL\AppData\Local\Temp\t7es3.ini
[2025-08-09 20:52:35] [INFO] Set default priority to Normal in C:\Users\PNVDW~1.REL\AppData\Local\Temp\t7es3.ini
[2025-08-09 20:52:35] [DEBUG] Updated VariableTextA with: PATH: D:\TEKKEN7\TEKKEN_7_FRR2_420-corrupt\TekkenGame\Binaries\Win64\TekkenGame-Win64-Shipping.exe
[2025-08-09 20:52:38] [DEBUG] Writing Timestamp 2025-08-09 20:52:38 to C:\Users\PNVDW~1.REL\AppData\Local\Temp\t7es3.ini
[2025-08-09 20:52:41] [INFO] Audio devices reverted to default.
[2025-08-09 20:55:08] [INFO] Set default priority to Normal in C:\Users\PNVDW~1.REL\AppData\Local\Temp\t7es3.ini
[2025-08-09 20:55:08] [DEBUG] Updated VariableTextA with: PATH: D:\TEKKEN7\TEKKEN_7_FRR2_420-corrupt\TekkenGame\Binaries\Win64\TekkenGame-Win64-Shipping.exe
[2025-08-09 20:55:11] [INFO] Audio devices switched: Output = , Input = 
[2025-08-09 20:55:11] [DEBUG] Writing Timestamp 2025-08-09 20:55:11 to C:\Users\PNVDW~1.REL\AppData\Local\Temp\t7es3.ini
[2025-08-09 20:55:17] [INFO] Pressed escape key but no T7ES3 processes found.
[2025-08-09 20:56:02] [INFO] Pressed escape key but no T7ES3 processes found.
[2025-08-09 20:56:09] [INFO] Pressed escape key but no T7ES3 processes found.
[2025-08-09 20:56:14] [INFO] Pressed escape key but no T7ES3 processes found.
[2025-08-09 20:56:18] [INFO] Pressed escape key but no T7ES3 processes found.
[2025-08-09 20:56:21] [INFO] Pressed escape key but no T7ES3 processes found.
[2025-08-09 20:56:24] [INFO] Pressed escape key but no T7ES3 processes found.
[2025-08-09 20:56:26] [INFO] Pressed escape key but no T7ES3 processes found.
[2025-08-09 20:56:27] [INFO] Pressed escape key but no T7ES3 processes found.
[2025-08-09 20:56:30] [INFO] Pressed escape key but no T7ES3 processes found.
[2025-08-09 20:56:31] [INFO] Pressed escape key but no T7ES3 processes found.
[2025-08-09 20:56:32] [INFO] Pressed escape key but no T7ES3 processes found.
[2025-08-09 20:56:33] [INFO] Pressed escape key but no T7ES3 processes found.
[2025-08-09 20:56:36] [INFO] Audio devices switched: Output = , Input = 
[2025-08-09 20:56:39] [INFO] Pressed escape key but no T7ES3 processes found.
[2025-08-09 20:56:55] [INFO] Pressed escape key but no T7ES3 processes found.
[2025-08-09 20:57:16] [INFO] Pressed escape key but no T7ES3 processes found.
[2025-08-09 20:57:29] [INFO] Audio devices switched: Output = , Input = 
[2025-08-09 20:57:47] [INFO] Audio devices reverted to default.
[2025-08-09 20:57:49] [INFO] Pressed escape key but no T7ES3 processes found.
[2025-08-09 21:03:49] [INFO] Set default priority to Normal in C:\Users\PNVDW~1.REL\AppData\Local\Temp\t7es3.ini
[2025-08-09 21:03:49] [DEBUG] Updated VariableTextA with: PATH: D:\TEKKEN7\TEKKEN_7_FRR2_420-corrupt\TekkenGame\Binaries\Win64\TekkenGame-Win64-Shipping.exe
[2025-08-09 21:03:51] [INFO] Pressed escape key but no T7ES3 processes found.
[2025-08-09 21:03:52] [DEBUG] Writing Timestamp 2025-08-09 21:03:52 to C:\Users\PNVDW~1.REL\AppData\Local\Temp\t7es3.ini
[2025-08-09 21:04:45] [INFO] Pressed escape key but no T7ES3 processes found.
[2025-08-09 21:04:49] [INFO] Pressed escape key but no T7ES3 processes found.
[2025-08-09 21:05:56] [INFO] Pressed escape key but no T7ES3 processes found.
[2025-08-09 21:06:03] [INFO] Pressed escape key but no T7ES3 processes found.
[2025-08-09 21:06:12] [INFO] Pressed escape key but no T7ES3 processes found.
[2025-08-09 21:06:15] [INFO] Pressed escape key but no T7ES3 processes found.
[2025-08-09 21:08:17] [INFO] Pressed escape key but no T7ES3 processes found.
[2025-08-09 21:08:20] [INFO] Pressed escape key but no T7ES3 processes found.
[2025-08-09 21:08:59] [INFO] Pressed escape key but no T7ES3 processes found.
[2025-08-09 21:09:07] [INFO] Pressed escape key but no T7ES3 processes found.
[2025-08-09 21:09:12] [INFO] Pressed escape key but no T7ES3 processes found.
[2025-08-09 21:11:33] [INFO] Pressed escape key but no T7ES3 processes found.
[2025-08-09 21:15:20] [INFO] Pressed escape key but no T7ES3 processes found.
[2025-08-09 21:16:14] [INFO] Pressed escape key but no T7ES3 processes found.
[2025-08-09 21:18:36] [INFO] Pressed escape key but no T7ES3 processes found.
[2025-08-09 21:19:09] [INFO] Pressed escape key but no T7ES3 processes found.
[2025-08-09 21:19:35] [INFO] Pressed escape key but no T7ES3 processes found.
[2025-08-09 21:20:33] [INFO] Pressed escape key but no T7ES3 processes found.
[2025-08-09 21:21:40] [INFO] Audio devices reverted to default.
[2025-08-09 21:21:48] [INFO] Audio devices switched: Output = , Input = 
[2025-08-09 21:21:53] [INFO] Pressed escape key but no T7ES3 processes found.
[2025-08-09 21:22:45] [DEBUG] Saved path to config: D:\TEKKEN7\TEKKEN_7_FRR2_420-corrupt\TekkenGame\Binaries\Win64\TekkenGame-Win64-Shipping.exe
[2025-08-09 21:22:45] [INFO] Path saved: D:\TEKKEN7\TEKKEN_7_FRR2_108_JPN\TekkenGame\Binaries\Win64\TekkenGame-Win64-Shipping.exe
[2025-08-09 21:22:52] [INFO] Game Started.
